<?xml version="1.0" encoding="UTF-8"?>
<testng-results skipped="0" failed="1" ignored="0" total="6" passed="5">
  <reporter-output>
  </reporter-output>
  <suite name="Default suite" duration-ms="9498" started-at="2020-01-03T08:41:25Z" finished-at="2020-01-03T08:41:35Z">
    <groups>
    </groups>
    <test name="Default test" duration-ms="9498" started-at="2020-01-03T08:41:25Z" finished-at="2020-01-03T08:41:35Z">
      <class name="name2.testclass">
        <test-method status="PASS" signature="checkdress()[pri:0, instance:name2.testclass@645aa696]" name="checkdress" duration-ms="641" started-at="2020-01-03T08:41:25Z" finished-at="2020-01-03T08:41:26Z">
          <reporter-output>
          </reporter-output>
        </test-method> <!-- checkdress -->
        <test-method status="PASS" signature="checktshirt()[pri:0, instance:name2.testclass@645aa696]" name="checktshirt" duration-ms="97" started-at="2020-01-03T08:41:26Z" finished-at="2020-01-03T08:41:26Z">
          <reporter-output>
          </reporter-output>
        </test-method> <!-- checktshirt -->
        <test-method status="PASS" signature="checkwomen()[pri:0, instance:name2.testclass@645aa696]" name="checkwomen" duration-ms="81" started-at="2020-01-03T08:41:26Z" finished-at="2020-01-03T08:41:26Z">
          <reporter-output>
          </reporter-output>
        </test-method> <!-- checkwomen -->
        <test-method status="FAIL" signature="clidress()[pri:0, instance:name2.testclass@645aa696]" name="clidress" duration-ms="3786" started-at="2020-01-03T08:41:26Z" finished-at="2020-01-03T08:41:30Z">
          <exception class="java.lang.AssertionError">
            <message>
              <![CDATA[expected [true] but found [false]]]>
            </message>
            <full-stacktrace>
              <![CDATA[java.lang.AssertionError: expected [true] but found [false]
at org.testng.Assert.fail(Assert.java:96)
at org.testng.Assert.failNotEquals(Assert.java:776)
at org.testng.Assert.assertTrue(Assert.java:44)
at org.testng.Assert.assertTrue(Assert.java:54)
at name2.testclass.clidress(testclass.java:43)
at sun.reflect.NativeMethodAccessorImpl.invoke0(Native Method)
at sun.reflect.NativeMethodAccessorImpl.invoke(NativeMethodAccessorImpl.java:62)
at sun.reflect.DelegatingMethodAccessorImpl.invoke(DelegatingMethodAccessorImpl.java:43)
at java.lang.reflect.Method.invoke(Method.java:498)
at org.testng.internal.MethodInvocationHelper.invokeMethod(MethodInvocationHelper.java:124)
at org.testng.internal.Invoker.invokeMethod(Invoker.java:583)
at org.testng.internal.Invoker.invokeTestMethod(Invoker.java:719)
at org.testng.internal.Invoker.invokeTestMethods(Invoker.java:989)
at org.testng.internal.TestMethodWorker.invokeTestMethods(TestMethodWorker.java:125)
at org.testng.internal.TestMethodWorker.run(TestMethodWorker.java:109)
at org.testng.TestRunner.privateRun(TestRunner.java:648)
at org.testng.TestRunner.run(TestRunner.java:505)
at org.testng.SuiteRunner.runTest(SuiteRunner.java:455)
at org.testng.SuiteRunner.runSequentially(SuiteRunner.java:450)
at org.testng.SuiteRunner.privateRun(SuiteRunner.java:415)
at org.testng.SuiteRunner.run(SuiteRunner.java:364)
at org.testng.SuiteRunnerWorker.runSuite(SuiteRunnerWorker.java:52)
at org.testng.SuiteRunnerWorker.run(SuiteRunnerWorker.java:84)
at org.testng.TestNG.runSuitesSequentially(TestNG.java:1208)
at org.testng.TestNG.runSuitesLocally(TestNG.java:1137)
at org.testng.TestNG.runSuites(TestNG.java:1049)
at org.testng.TestNG.run(TestNG.java:1017)
at org.testng.remote.AbstractRemoteTestNG.run(AbstractRemoteTestNG.java:114)
at org.testng.remote.RemoteTestNG.initAndRun(RemoteTestNG.java:251)
at org.testng.remote.RemoteTestNG.main(RemoteTestNG.java:77)
]]>
            </full-stacktrace>
          </exception> <!-- java.lang.AssertionError -->
          <reporter-output>
          </reporter-output>
        </test-method> <!-- clidress -->
        <test-method status="PASS" signature="clitshirt()[pri:0, instance:name2.testclass@645aa696]" name="clitshirt" duration-ms="2516" started-at="2020-01-03T08:41:30Z" finished-at="2020-01-03T08:41:33Z">
          <reporter-output>
          </reporter-output>
        </test-method> <!-- clitshirt -->
        <test-method status="PASS" signature="cliwomen()[pri:0, instance:name2.testclass@645aa696]" name="cliwomen" duration-ms="2134" started-at="2020-01-03T08:41:33Z" finished-at="2020-01-03T08:41:35Z">
          <reporter-output>
          </reporter-output>
        </test-method> <!-- cliwomen -->
      </class> <!-- name2.testclass -->
    </test> <!-- Default test -->
  </suite> <!-- Default suite -->
</testng-results>
